1 0
2 2
3 1
6 2
7 1
11 1
14 1
19 2
26 3
34 1
38 2
39 1
43 1
46 2
59 1
65 2
66 1
70 2
71 2
74 1
82 1
114 1
118 1
122 1
123 2
134 1
143 1
158 1
165 2
170 2
179 2
182 1
187 2
191 3
195 1
199 1
211 1
219 2
226 1
239 1
246 2
247 1
251 1
255 4
259 1
263 2
265 2
274 1
283 1
286 1
291 1
307 3
311 1
318 1
319 2
323 2
330 1
354 2
362 2
365 4
367 1
374 1
382 1
399 1
403 1
411 1
418 1
439 3
442 1
443 1
465 2
466 1
474 1
483 1
485 1
487 2
499 5
530 1
538 2
543 1
563 2
583 1
598 2
611 3
626 2
643 3
665 2
671 1
682 1
718 1
719 2
727 4
730 1
743 3
785 2
807 1
827 2
842 3
843 1
899 1
907 1
919 1
962 2
971 1
982 3
1007 3
1022 1
1023 1
1027 1
1030 1
1126 5
1146 2
1155 2
1185 2
1187 1
1223 2
1226 3
1231 1
1238 1
1247 1
1265 2
1267 1
1270 2
1295 1
1311 1
1327 1
1354 1
1358 1
1370 1
1374 1
1383 1
1385 2
1398 1
1399 1
1418 1
1438 1
1439 1
1443 1
1465 2
1499 1
1522 1
1562 2
1563 1
1565 2
1599 1
1606 1
1614 1
1685 1
1687 1
1699 1
1718 1
1763 1
1765 1
1785 1
1786 1
1798 2
1830 1
1843 1
1865 1
1918 1
1966 1
1978 1
1985 2
1999 3
2026 1
2027 1
2039 3
2059 1
2065 2
2158 1
2165 1
2179 1
2186 1
2226 1
2247 1
2266 1
2270 2
2291 1
2307 3
2342 1
2351 1
2359 1
2402 2
2426 1
2455 1
2458 1
2514 1
2534 3
2546 1
2551 3
2566 1
2602 4
2651 1
2658 1
2665 2
2699 1
2703 1
2743 1
2766 3
2782 1
2851 1
2865 2
2903 1
2906 1
2947 1
2951 1
2959 2
2974 3
2978 1
2982 1
3026 1
3074 1
3095 1
3102 1
3107 2
3126 3
3134 2
3170 4
3206 1
3238 1
3246 1
3251 3
3265 1
3355 2
3363 1
3365 1
3379 4
3414 1
3451 1
3478 1
3482 1
3486 1
3566 3
3599 5
3607 1
3634 3
3642 1
3695 1
3722 3
3785 1
3811 1
3838 1
3854 1
3926 1
3931 1
3966 2
3967 1
3970 4
3982 1
3985 2
4087 2
4094 1
4098 1
4118 1
4179 2
4218 1
4219 2
4223 1
4226 1
4246 1
4271 1
4339 1
4355 1
4358 2
4465 2
4494 1
4499 3
4526 1
4565 1
4582 2
4619 1
4623 1
4646 1
4718 1
4762 1
4798 1
4799 3
4867 2
4883 1
4899 1
4930 2
4938 1
4974 1
5042 1
5065 2
5086 1
5143 1
5183 1
5185 2
5330 2
5334 1
5339 1
5363 2
5370 4
5394 1
5438 2
5446 2
5447 1
5467 1
5470 1
5503 2
5611 1
5614 1
5626 3
5647 1
5686 1
5703 1
5711 2
5719 1
5726 1
5774 3
5779 4
5785 4
5862 1
5865 2
5899 3
5930 1
5934 1
5979 1
5998 1
6019 2
6065 2
6083 1
6085 4
6091 2
6159 1
6202 4
6230 2
6239 2
6242 1
6302 1
6342 1
6351 3
6366 1
6374 1
6385 2
6395 6
6403 1
6407 1
6478 1
6479 2
6487 1
6494 1
6562 1
6602 2
6643 1
6646 1
6791 2
6842 1
6846 2
6865 2
6891 2
6967 1
6982 2
7051 1
7055 1
7094 1
7222 1
7226 1
7265 1
7279 1
7291 1
7331 1
7383 1
7395 1
7462 1
7562 2
7570 1
7585 1
7639 1
7674 1
7678 1
7682 1
7691 1
7707 1
7743 1
7842 1
7870 2
7886 1
7922 1
7999 3
8038 1
8065 2
8099 2
8111 2
8166 1
8282 1
8385 2
8454 1
8463 1
8465 2
8474 1
8539 1
8551 3
8558 1
8571 4
8707 2
8714 1
8782 3
8819 2
8914 1
9026 2
9055 1
9079 1
9166 1
9222 1
9265 1
9299 1
9366 1
9371 3
9385 2
9419 1
9431 4
9518 1
9595 1
9618 1
9686 1
9754 1
9762 1
9847 2
9871 1
9895 1
9958 1
9985 1
10014 2
10202 1
10243 3
10265 2
10307 1
10331 1
10366 1
10403 1
10418 2
10518 3
10559 1
10585 2
10631 1
10694 1
10751 1
10799 1
10843 1
11026 4
11046 4
11059 4
11082 4
11174 4
11179 4
11206 4
11318 6
11391 4
11398 4
11406 4
11458 4
11478 4
11479 4
11663 4
11665 4
11707 4
11719 4
11759 4
11818 6
11882 4
11931 4
12003 4
12099 4
12251 4
12265 4
12322 6
12343 4
12403 4
12434 4
12526 4
12534 4
12543 4
12551 4
12565 4
12574 4
12665 4
12682 4
12751 4
12770 4
12787 4
12842 4
12926 4
12946 6
12982 4
12995 4
13006 4
13019 4
13107 4
13111 4
13219 4
13226 4
13259 4
13283 4
13326 4
13465 4
13474 4
13699 4
13742 4
13763 4
13865 4
13918 4
13985 8
14126 4
14127 4
14162 4
14163 4
14167 4
14199 4
14299 4
14326 4
14359 4
14385 4
14398 6
14423 4
14470 4
14522 4
14574 4
14585 4
14614 4
14642 4
14665 4
14727 4
14831 4
14885 4
15006 4
15026 4
15065 4
15107 4
15118 4
15127 6
15130 4
15185 4
15234 4
15347 4
15371 4
15382 4
15446 4
15466 4
15591 4
15603 4
15619 4
15626 4
15665 4
15679 4
15787 4
15899 4
15919 4
15954 4
16018 4
16027 4
16066 4
16102 4
16130 4
16327 4
16383 4
16385 4
16502 4
16627 4
16642 4
16651 4
16665 4
16682 4
16786 4
16811 4
16814 4
16823 4
16843 4
16871 4
16899 4
16907 4
16918 4
16951 4
17039 4
17063 4
17131 4
17142 4
17143 4
17162 4
17185 4
17186 4
17207 4
17286 4
17291 4
17383 4
17418 4
17423 4
17446 4
17483 4
17494 4
17583 4
17611 4
17638 4
17665 4
17707 4
17714 4
17747 4
17831 4
17878 4
17963 4
18103 4
18174 4
18185 4
18191 4
18199 4
18226 4
18251 4
18254 4
18385 4
18407 4
18526 6
18595 4
18739 4
18743 4
18770 4
18779 4
18923 4
19043 4
19078 6
19111 4
19222 4
19230 4
19254 4
19285 4
19294 4
19307 4
19322 4
19351 4
19511 4
19534 4
19574 4
19599 4
19727 4
19762 4
19766 4
19843 4
19846 4
19882 4
19979 4
